<?xml version="1.0" encoding="utf-8"?><testsuites><testsuite name="pytest" errors="0" failures="0" skipped="0" tests="17" time="0.281" timestamp="2023-04-23T19:23:29.783374" hostname="r4kharoPC"><testcase classname="tests.test_database" name="test_database_schema" time="0.004" /><testcase classname="tests.test_database" name="test_commit_to_database" time="0.003" /><testcase classname="tests.test_database" name="test_add_person_for_the_first_time" time="0.006" /><testcase classname="tests.test_database" name="test_negative_add_person_invalid_email" time="0.003" /><testcase classname="tests.test_load" name="test_load_positive_has_2_people" time="0.006" /><testcase classname="tests.test_load" name="test_load_positive_first_name_starts_with_j" time="0.006" /><testcase classname="tests.test_utils" name="test_positive_ceck_valid_email[bruno@rocha.com]" time="0.004" /><testcase classname="tests.test_utils" name="test_positive_ceck_valid_email[joe@doe.com]" time="0.003" /><testcase classname="tests.test_utils" name="test_positive_ceck_valid_email[a@b.pt]" time="0.003" /><testcase classname="tests.test_utils" name="test_negative_check_valid_email[bruno@.com]" time="0.003" /><testcase classname="tests.test_utils" name="test_negative_check_valid_email[@doe.com]" time="0.003" /><testcase classname="tests.test_utils" name="test_negative_check_valid_email[a@b]" time="0.003" /><testcase classname="tests.test_utils" name="test_generate_simple_password" time="0.003" /><testcase classname="integration.test_load" name="test_load_positive_call_load_command" time="0.010" /><testcase classname="integration.test_load" name="test_load_negative_call_load_command_with_wrong_params[loady]" time="0.007" /><testcase classname="integration.test_load" name="test_load_negative_call_load_command_with_wrong_params[carrega]" time="0.007" /><testcase classname="integration.test_load" name="test_load_negative_call_load_command_with_wrong_params[start]" time="0.008" /></testsuite></testsuites>